<?xml version="1.0" encoding="UTF-8"?>
<!-- Generated by org.testng.reporters.JUnitReportReporter -->
<testsuite hostname="saikrishnama2c.mylabserver.com" name="org.sonatype.mavenbook.weather.yahoo.YahooParserTest" tests="1" failures="0" timestamp="5 Mar 2020 01:42:26 GMT" time="0.006" errors="0">
  <testcase name="testParser" time="0.006" classname="org.sonatype.mavenbook.weather.yahoo.YahooParserTest"/>
</testsuite> <!-- org.sonatype.mavenbook.weather.yahoo.YahooParserTest -->
