<?xml version="1.0" encoding="UTF-8"?>
<!-- Generated by org.testng.reporters.JUnitReportReporter -->
<testsuite hostname="saikrishnama2c.mylabserver.com" name="org.sonatype.mavenbook.weather.yahoo.WeatherFormatterTest" tests="1" failures="0" timestamp="5 Mar 2020 01:42:26 GMT" time="1.677" errors="0">
  <testcase name="testFormat" time="1.677" classname="org.sonatype.mavenbook.weather.yahoo.WeatherFormatterTest"/>
</testsuite> <!-- org.sonatype.mavenbook.weather.yahoo.WeatherFormatterTest -->
